<?xml version="1.0" encoding="UTF-8"?>
<testsuite name="com.example.rqchallenge.employees.IEmployeeControllerImplementationTest" tests="8" skipped="0" failures="0" errors="0" timestamp="2024-02-11T13:14:06" hostname="NEW16681-G5" time="0.119">
  <properties/>
  <testcase name="getTopTenHighestEarningEmployeeNames()" classname="com.example.rqchallenge.employees.IEmployeeControllerImplementationTest" time="0.043"/>
  <testcase name="getEmployeeById()" classname="com.example.rqchallenge.employees.IEmployeeControllerImplementationTest" time="0.013"/>
  <testcase name="getAllEmployeesException()" classname="com.example.rqchallenge.employees.IEmployeeControllerImplementationTest" time="0.016"/>
  <testcase name="getAllEmployees()" classname="com.example.rqchallenge.employees.IEmployeeControllerImplementationTest" time="0.007"/>
  <testcase name="deleteEmployeeById()" classname="com.example.rqchallenge.employees.IEmployeeControllerImplementationTest" time="0.005"/>
  <testcase name="getHighestSalaryOfEmployees()" classname="com.example.rqchallenge.employees.IEmployeeControllerImplementationTest" time="0.005"/>
  <testcase name="getEmployeesByNameSearch()" classname="com.example.rqchallenge.employees.IEmployeeControllerImplementationTest" time="0.006"/>
  <testcase name="createEmployee()" classname="com.example.rqchallenge.employees.IEmployeeControllerImplementationTest" time="0.005"/>
  <system-out><![CDATA[2024-02-11 18:44:05.788  INFO 21360 --- [    Test worker] .b.t.c.SpringBootTestContextBootstrapper : Neither @ContextConfiguration nor @ContextHierarchy found for test class [com.example.rqchallenge.employees.IEmployeeControllerImplementationTest], using SpringBootContextLoader
2024-02-11 18:44:05.790  INFO 21360 --- [    Test worker] o.s.t.c.support.AbstractContextLoader    : Could not detect default resource locations for test class [com.example.rqchallenge.employees.IEmployeeControllerImplementationTest]: no resource found for suffixes {-context.xml, Context.groovy}.
2024-02-11 18:44:05.791  INFO 21360 --- [    Test worker] t.c.s.AnnotationConfigContextLoaderUtils : Could not detect default configuration classes for test class [com.example.rqchallenge.employees.IEmployeeControllerImplementationTest]: IEmployeeControllerImplementationTest does not declare any static, non-private, non-final, nested classes annotated with @Configuration.
2024-02-11 18:44:05.822  INFO 21360 --- [    Test worker] .b.t.c.SpringBootTestContextBootstrapper : Found @SpringBootConfiguration com.example.rqchallenge.RqChallengeApplication for test class com.example.rqchallenge.employees.IEmployeeControllerImplementationTest
2024-02-11 18:44:05.827  INFO 21360 --- [    Test worker] .b.t.c.SpringBootTestContextBootstrapper : Loaded default TestExecutionListener class names from location [META-INF/spring.factories]: [org.springframework.boot.test.autoconfigure.restdocs.RestDocsTestExecutionListener, org.springframework.boot.test.autoconfigure.web.client.MockRestServiceServerResetTestExecutionListener, org.springframework.boot.test.autoconfigure.web.servlet.MockMvcPrintOnlyOnFailureTestExecutionListener, org.springframework.boot.test.autoconfigure.web.servlet.WebDriverTestExecutionListener, org.springframework.boot.test.autoconfigure.webservices.client.MockWebServiceServerTestExecutionListener, org.springframework.boot.test.mock.mockito.MockitoTestExecutionListener, org.springframework.boot.test.mock.mockito.ResetMocksTestExecutionListener, org.springframework.test.context.web.ServletTestExecutionListener, org.springframework.test.context.support.DirtiesContextBeforeModesTestExecutionListener, org.springframework.test.context.event.ApplicationEventsTestExecutionListener, org.springframework.test.context.support.DependencyInjectionTestExecutionListener, org.springframework.test.context.support.DirtiesContextTestExecutionListener, org.springframework.test.context.transaction.TransactionalTestExecutionListener, org.springframework.test.context.jdbc.SqlScriptsTestExecutionListener, org.springframework.test.context.event.EventPublishingTestExecutionListener]
2024-02-11 18:44:05.830  INFO 21360 --- [    Test worker] .b.t.c.SpringBootTestContextBootstrapper : Using TestExecutionListeners: [org.springframework.test.context.web.ServletTestExecutionListener@7606bd03, org.springframework.test.context.support.DirtiesContextBeforeModesTestExecutionListener@afee63, org.springframework.test.context.event.ApplicationEventsTestExecutionListener@4b4927e5, org.springframework.boot.test.mock.mockito.MockitoTestExecutionListener@4c5da4f9, org.springframework.boot.test.autoconfigure.SpringBootDependencyInjectionTestExecutionListener@ff0e6d4, org.springframework.test.context.support.DirtiesContextTestExecutionListener@70d3cdbf, org.springframework.test.context.event.EventPublishingTestExecutionListener@72a7aa4f, org.springframework.boot.test.autoconfigure.restdocs.RestDocsTestExecutionListener@537ca28e, org.springframework.boot.test.autoconfigure.web.client.MockRestServiceServerResetTestExecutionListener@5b322873, org.springframework.boot.test.autoconfigure.web.servlet.MockMvcPrintOnlyOnFailureTestExecutionListener@35e2b89f, org.springframework.boot.test.autoconfigure.web.servlet.WebDriverTestExecutionListener@7ad889be, org.springframework.boot.test.autoconfigure.webservices.client.MockWebServiceServerTestExecutionListener@4c063cb9, org.springframework.boot.test.mock.mockito.ResetMocksTestExecutionListener@63de4fa]
]]></system-out>
  <system-err><![CDATA[]]></system-err>
</testsuite>
