<?xml version="1.0" encoding="UTF-8"?>
<testsuite name="com.example.rqchallenge.service.IEmployeeServiceTest" tests="4" skipped="0" failures="0" errors="0" timestamp="2024-02-11T13:14:06" hostname="NEW16681-G5" time="0.075">
  <properties/>
  <testcase name="getTopTenHighestEarningEmployeeNames()" classname="com.example.rqchallenge.service.IEmployeeServiceTest" time="0.024"/>
  <testcase name="getEmployeeById()" classname="com.example.rqchallenge.service.IEmployeeServiceTest" time="0.026"/>
  <testcase name="getHighestSalaryOfEmployees()" classname="com.example.rqchallenge.service.IEmployeeServiceTest" time="0.009"/>
  <testcase name="getEmployeesByNameSearch()" classname="com.example.rqchallenge.service.IEmployeeServiceTest" time="0.008"/>
  <system-out><![CDATA[2024-02-11 18:44:06.432  INFO 21360 --- [    Test worker] .b.t.c.SpringBootTestContextBootstrapper : Neither @ContextConfiguration nor @ContextHierarchy found for test class [com.example.rqchallenge.service.IEmployeeServiceTest], using SpringBootContextLoader
2024-02-11 18:44:06.433  INFO 21360 --- [    Test worker] o.s.t.c.support.AbstractContextLoader    : Could not detect default resource locations for test class [com.example.rqchallenge.service.IEmployeeServiceTest]: no resource found for suffixes {-context.xml, Context.groovy}.
2024-02-11 18:44:06.433  INFO 21360 --- [    Test worker] t.c.s.AnnotationConfigContextLoaderUtils : Could not detect default configuration classes for test class [com.example.rqchallenge.service.IEmployeeServiceTest]: IEmployeeServiceTest does not declare any static, non-private, non-final, nested classes annotated with @Configuration.
2024-02-11 18:44:06.449  INFO 21360 --- [    Test worker] .b.t.c.SpringBootTestContextBootstrapper : Found @SpringBootConfiguration com.example.rqchallenge.RqChallengeApplication for test class com.example.rqchallenge.service.IEmployeeServiceTest
2024-02-11 18:44:06.452  INFO 21360 --- [    Test worker] .b.t.c.SpringBootTestContextBootstrapper : Loaded default TestExecutionListener class names from location [META-INF/spring.factories]: [org.springframework.boot.test.autoconfigure.restdocs.RestDocsTestExecutionListener, org.springframework.boot.test.autoconfigure.web.client.MockRestServiceServerResetTestExecutionListener, org.springframework.boot.test.autoconfigure.web.servlet.MockMvcPrintOnlyOnFailureTestExecutionListener, org.springframework.boot.test.autoconfigure.web.servlet.WebDriverTestExecutionListener, org.springframework.boot.test.autoconfigure.webservices.client.MockWebServiceServerTestExecutionListener, org.springframework.boot.test.mock.mockito.MockitoTestExecutionListener, org.springframework.boot.test.mock.mockito.ResetMocksTestExecutionListener, org.springframework.test.context.web.ServletTestExecutionListener, org.springframework.test.context.support.DirtiesContextBeforeModesTestExecutionListener, org.springframework.test.context.event.ApplicationEventsTestExecutionListener, org.springframework.test.context.support.DependencyInjectionTestExecutionListener, org.springframework.test.context.support.DirtiesContextTestExecutionListener, org.springframework.test.context.transaction.TransactionalTestExecutionListener, org.springframework.test.context.jdbc.SqlScriptsTestExecutionListener, org.springframework.test.context.event.EventPublishingTestExecutionListener]
2024-02-11 18:44:06.455  INFO 21360 --- [    Test worker] .b.t.c.SpringBootTestContextBootstrapper : Using TestExecutionListeners: [org.springframework.test.context.web.ServletTestExecutionListener@674aa626, org.springframework.test.context.support.DirtiesContextBeforeModesTestExecutionListener@4dd1d2bb, org.springframework.test.context.event.ApplicationEventsTestExecutionListener@47198524, org.springframework.boot.test.mock.mockito.MockitoTestExecutionListener@67a0ff25, org.springframework.boot.test.autoconfigure.SpringBootDependencyInjectionTestExecutionListener@55e91e61, org.springframework.test.context.support.DirtiesContextTestExecutionListener@166e5a6d, org.springframework.test.context.event.EventPublishingTestExecutionListener@1d55dd21, org.springframework.boot.test.autoconfigure.restdocs.RestDocsTestExecutionListener@7d6c4079, org.springframework.boot.test.autoconfigure.web.client.MockRestServiceServerResetTestExecutionListener@606b53a3, org.springframework.boot.test.autoconfigure.web.servlet.MockMvcPrintOnlyOnFailureTestExecutionListener@432c0f1, org.springframework.boot.test.autoconfigure.web.servlet.WebDriverTestExecutionListener@37bda983, org.springframework.boot.test.autoconfigure.webservices.client.MockWebServiceServerTestExecutionListener@284d4885, org.springframework.boot.test.mock.mockito.ResetMocksTestExecutionListener@1201e064]
]]></system-out>
  <system-err><![CDATA[]]></system-err>
</testsuite>
